$ biome check src
src/dns.ts:37:5 lint/complexity/noUselessSwitchCase  FIXABLE  ━━━━━━━━━━━━━━━━━━━━━━━━━━━━━━━━━━━━━━

  i Useless case clause.
  
    35 │     case DNS_RCODE.REFUSED:
    36 │       return 'refused';
  > 37 │     case DNS_RCODE.SERVFAIL:
       │     ^^^^^^^^^^^^^^^^^^^^^^^^
    38 │     case DNS_RCODE.FORMERR:
    39 │     case DNS_RCODE.NOTIMP:
  
  i because the default clause is present:
  
    38 │     case DNS_RCODE.FORMERR:
    39 │     case DNS_RCODE.NOTIMP:
  > 40 │     default:
       │     ^^^^^^^^
  > 41 │       return 'error';
       │       ^^^^^^^^^^^^^^^
    42 │   }
    43 │ }
  
  i Unsafe fix: Remove the useless case.
  
     35  35 │       case DNS_RCODE.REFUSED:
     36  36 │         return 'refused';
     37     │ - ····case·DNS_RCODE.SERVFAIL:
     38  37 │       case DNS_RCODE.FORMERR:
     39  38 │       case DNS_RCODE.NOTIMP:
  

src/dns.ts:38:5 lint/complexity/noUselessSwitchCase  FIXABLE  ━━━━━━━━━━━━━━━━━━━━━━━━━━━━━━━━━━━━━━

  i Useless case clause.
  
    36 │       return 'refused';
    37 │     case DNS_RCODE.SERVFAIL:
  > 38 │     case DNS_RCODE.FORMERR:
       │     ^^^^^^^^^^^^^^^^^^^^^^^
    39 │     case DNS_RCODE.NOTIMP:
    40 │     default:
  
  i because the default clause is present:
  
    38 │     case DNS_RCODE.FORMERR:
    39 │     case DNS_RCODE.NOTIMP:
  > 40 │     default:
       │     ^^^^^^^^
  > 41 │       return 'error';
       │       ^^^^^^^^^^^^^^^
    42 │   }
    43 │ }
  
  i Unsafe fix: Remove the useless case.
  
     36  36 │         return 'refused';
     37  37 │       case DNS_RCODE.SERVFAIL:
     38     │ - ····case·DNS_RCODE.FORMERR:
     39  38 │       case DNS_RCODE.NOTIMP:
     40  39 │       default:
  

src/dns.ts:39:5 lint/complexity/noUselessSwitchCase  FIXABLE  ━━━━━━━━━━━━━━━━━━━━━━━━━━━━━━━━━━━━━━

  i Useless case clause.
  
    37 │     case DNS_RCODE.SERVFAIL:
    38 │     case DNS_RCODE.FORMERR:
  > 39 │     case DNS_RCODE.NOTIMP:
       │     ^^^^^^^^^^^^^^^^^^^^^^
    40 │     default:
    41 │       return 'error';
  
  i because the default clause is present:
  
    38 │     case DNS_RCODE.FORMERR:
    39 │     case DNS_RCODE.NOTIMP:
  > 40 │     default:
       │     ^^^^^^^^
  > 41 │       return 'error';
       │       ^^^^^^^^^^^^^^^
    42 │   }
    43 │ }
  
  i Unsafe fix: Remove the useless case.
  
     37  37 │       case DNS_RCODE.SERVFAIL:
     38  38 │       case DNS_RCODE.FORMERR:
Checked 8 files in 142ms. No fixes applied.
Found 1 warning.
Found 4 infos.
     39     │ - ····case·DNS_RCODE.NOTIMP:
     40  39 │       default:
     41  40 │         return 'error';
  

src/dns.ts:168:5 lint/complexity/noUselessSwitchCase  FIXABLE  ━━━━━━━━━━━━━━━━━━━━━━━━━━━━━━━━━━━━━

  i Useless case clause.
  
    166 │     case 'truncated':
    167 │       return 'dns-protocol';
  > 168 │     case 'error':
        │     ^^^^^^^^^^^^^
    169 │     default:
    170 │       return 'client';
  
  i because the default clause is present:
  
    167 │       return 'dns-protocol';
    168 │     case 'error':
  > 169 │     default:
        │     ^^^^^^^^
  > 170 │       return 'client';
        │       ^^^^^^^^^^^^^^^^
    171 │   }
    172 │ }
  
  i Unsafe fix: Remove the useless case.
  
    166 166 │       case 'truncated':
    167 167 │         return 'dns-protocol';
    168     │ - ····case·'error':
    169 168 │       default:
    170 169 │         return 'client';
  

src/env.ts:148:11 lint/suspicious/noGlobalIsNan  FIXABLE  ━━━━━━━━━━━━━━━━━━━━━━━━━━━━━━━━━━━━━━━━━━

  ! isNaN is unsafe. It attempts a type coercion. Use Number.isNaN instead.
  
    146 │ function isValidPort(value: string): boolean {
    147 │   const port = parseInt(value, 10);
  > 148 │   return !isNaN(port) && port > 0 && port < 65536;
        │           ^^^^^
    149 │ }
    150 │ 
  
  i See the MDN documentation for more details.
  
  i Unsafe fix: Use Number.isNaN instead.
  
    146 146 │   function isValidPort(value: string): boolean {
    147 147 │     const port = parseInt(value, 10);
    148     │ - ··return·!isNaN(port)·&&·port·>·0·&&·port·<·65536;
        148 │ + ··return·!Number.isNaN(port)·&&·port·>·0·&&·port·<·65536;
    149 149 │   }
    150 150 │   
  

