
> @dns-ops/db@0.1.0 build /Users/antonio/Documents/PROYECTOS/dns-ops/packages/db
> tsc

src/client.ts(11,25): error TS2834: Relative import paths need explicit file extensions in ECMAScript imports when '--moduleResolution' is 'node16' or 'nodenext'. Consider adding an extension to the import path.
src/client.ts(14,15): error TS2834: Relative import paths need explicit file extensions in ECMAScript imports when '--moduleResolution' is 'node16' or 'nodenext'. Consider adding an extension to the import path.
src/index.ts(7,15): error TS2834: Relative import paths need explicit file extensions in ECMAScript imports when '--moduleResolution' is 'node16' or 'nodenext'. Consider adding an extension to the import path.
src/index.ts(8,15): error TS2835: Relative import paths need explicit file extensions in ECMAScript imports when '--moduleResolution' is 'node16' or 'nodenext'. Did you mean './client.js'?
src/index.ts(9,15): error TS2834: Relative import paths need explicit file extensions in ECMAScript imports when '--moduleResolution' is 'node16' or 'nodenext'. Consider adding an extension to the import path.
src/repos/domain.ts(8,26): error TS6133: 'and' is declared but its value is never read.
src/repos/domain.ts(11,54): error TS2834: Relative import paths need explicit file extensions in ECMAScript imports when '--moduleResolution' is 'node16' or 'nodenext'. Consider adding an extension to the import path.
src/repos/domain.ts(12,25): error TS2834: Relative import paths need explicit file extensions in ECMAScript imports when '--moduleResolution' is 'node16' or 'nodenext'. Consider adding an extension to the import path.
src/repos/domain.ts(25,8): error TS2349: This expression is not callable.
  Each member of the union type '(<TFrom extends SQLiteTable | Subquery | SQLiteViewBase | SQL>(source: TFrom) => SQLiteSelectBase<GetSelectTableName<TFrom>, "async", D1Result<unknown>, GetSelectTableSelection<TFrom>, ... 5 more ..., BuildSubquerySelection<...>>) | (<TFrom extends PgTable | Subquery | PgViewBase | SQL>(source: TFrom) => PgSelectBas...' has signatures, but none of those signatures are compatible with each other.
src/repos/domain.ts(37,8): error TS2349: This expression is not callable.
  Each member of the union type '(<TFrom extends SQLiteTable | Subquery | SQLiteViewBase | SQL>(source: TFrom) => SQLiteSelectBase<GetSelectTableName<TFrom>, "async", D1Result<unknown>, GetSelectTableSelection<TFrom>, ... 5 more ..., BuildSubquerySelection<...>>) | (<TFrom extends PgTable | Subquery | PgViewBase | SQL>(source: TFrom) => PgSelectBas...' has signatures, but none of those signatures are compatible with each other.
src/repos/domain.ts(49,8): error TS2349: This expression is not callable.
  Each member of the union type '(<TFrom extends SQLiteTable | Subquery | SQLiteViewBase | SQL>(source: TFrom) => SQLiteSelectBase<GetSelectTableName<TFrom>, "async", D1Result<unknown>, GetSelectTableSelection<TFrom>, ... 5 more ..., BuildSubquerySelection<...>>) | (<TFrom extends PgTable | Subquery | PgViewBase | SQL>(source: TFrom) => PgSelectBas...' has signatures, but none of those signatures are compatible with each other.
src/repos/domain.ts(60,8): error TS2349: This expression is not callable.
  Each member of the union type '(<TFrom extends SQLiteTable | Subquery | SQLiteViewBase | SQL>(source: TFrom) => SQLiteSelectBase<GetSelectTableName<TFrom>, "async", D1Result<unknown>, GetSelectTableSelection<TFrom>, ... 5 more ..., BuildSubquerySelection<...>>) | (<TFrom extends PgTable | Subquery | PgViewBase | SQL>(source: TFrom) => PgSelectBas...' has signatures, but none of those signatures are compatible with each other.
src/repos/domain.ts(74,8): error TS2349: This expression is not callable.
  Each member of the union type '(<TFrom extends SQLiteTable | Subquery | SQLiteViewBase | SQL>(source: TFrom) => SQLiteSelectBase<GetSelectTableName<TFrom>, "async", D1Result<unknown>, GetSelectTableSelection<TFrom>, ... 5 more ..., BuildSubquerySelection<...>>) | (<TFrom extends PgTable | Subquery | PgViewBase | SQL>(source: TFrom) => PgSelectBas...' has signatures, but none of those signatures are compatible with each other.
src/repos/domain.ts(84,8): error TS2349: This expression is not callable.
  Each member of the union type '(<TTable extends PgTable>(table: TTable) => PgInsertBuilder<TTable, NodePgQueryResultHKT>) | (<TTable extends SQLiteTable>(into: TTable) => SQLiteInsertBuilder<...>)' has signatures, but none of those signatures are compatible with each other.
src/repos/domain.ts(109,8): error TS2349: This expression is not callable.
  Each member of the union type '(<TTable extends PgTable>(table: TTable) => PgUpdateBuilder<TTable, NodePgQueryResultHKT>) | (<TTable extends SQLiteTable>(table: TTable) => SQLiteUpdateBuilder<...>)' has signatures, but none of those signatures are compatible with each other.
src/repos/domain.ts(136,8): error TS2349: This expression is not callable.
  Each member of the union type '(<TFrom extends SQLiteTable | Subquery | SQLiteViewBase | SQL>(source: TFrom) => SQLiteSelectBase<GetSelectTableName<TFrom>, "async", D1Result<unknown>, GetSelectTableSelection<TFrom>, ... 5 more ..., BuildSubquerySelection<...>>) | (<TFrom extends PgTable | Subquery | PgViewBase | SQL>(source: TFrom) => PgSelectBas...' has signatures, but none of those signatures are compatible with each other.
src/repos/domain.ts(147,15): error TS2554: Expected 0 arguments, but got 1.
src/repos/domain.ts(148,8): error TS2349: This expression is not callable.
  Each member of the union type '(<TFrom extends SQLiteTable | Subquery | SQLiteViewBase | SQL>(source: TFrom) => SQLiteSelectBase<GetSelectTableName<TFrom>, "async", D1Result<unknown>, GetSelectTableSelection<TFrom>, ... 5 more ..., BuildSubquerySelection<...>>) | (<TFrom extends PgTable | Subquery | PgViewBase | SQL>(source: TFrom) => PgSelectBas...' has signatures, but none of those signatures are compatible with each other.
src/repos/index.ts(7,34): error TS2835: Relative import paths need explicit file extensions in ECMAScript imports when '--moduleResolution' is 'node16' or 'nodenext'. Did you mean './domain.js'?
src/repos/index.ts(8,36): error TS2835: Relative import paths need explicit file extensions in ECMAScript imports when '--moduleResolution' is 'node16' or 'nodenext'. Did you mean './snapshot.js'?
src/repos/index.ts(9,39): error TS2835: Relative import paths need explicit file extensions in ECMAScript imports when '--moduleResolution' is 'node16' or 'nodenext'. Did you mean './observation.js'?
src/repos/index.ts(10,37): error TS2835: Relative import paths need explicit file extensions in ECMAScript imports when '--moduleResolution' is 'node16' or 'nodenext'. Did you mean './recordset.js'?
src/repos/index.ts(11,39): error TS2835: Relative import paths need explicit file extensions in ECMAScript imports when '--moduleResolution' is 'node16' or 'nodenext'. Did you mean './remediation.js'?
src/repos/observation.ts(4,69): error TS2834: Relative import paths need explicit file extensions in ECMAScript imports when '--moduleResolution' is 'node16' or 'nodenext'. Consider adding an extension to the import path.
src/repos/observation.ts(5,25): error TS2834: Relative import paths need explicit file extensions in ECMAScript imports when '--moduleResolution' is 'node16' or 'nodenext'. Consider adding an extension to the import path.
src/repos/observation.ts(14,8): error TS2349: This expression is not callable.
  Each member of the union type '(<TFrom extends SQLiteTable | Subquery | SQLiteViewBase | SQL>(source: TFrom) => SQLiteSelectBase<GetSelectTableName<TFrom>, "async", D1Result<unknown>, GetSelectTableSelection<TFrom>, ... 5 more ..., BuildSubquerySelection<...>>) | (<TFrom extends PgTable | Subquery | PgViewBase | SQL>(source: TFrom) => PgSelectBas...' has signatures, but none of those signatures are compatible with each other.
src/repos/observation.ts(23,8): error TS2349: This expression is not callable.
  Each member of the union type '(<TFrom extends SQLiteTable | Subquery | SQLiteViewBase | SQL>(source: TFrom) => SQLiteSelectBase<GetSelectTableName<TFrom>, "async", D1Result<unknown>, GetSelectTableSelection<TFrom>, ... 5 more ..., BuildSubquerySelection<...>>) | (<TFrom extends PgTable | Subquery | PgViewBase | SQL>(source: TFrom) => PgSelectBas...' has signatures, but none of those signatures are compatible with each other.
src/repos/observation.ts(30,8): error TS2349: This expression is not callable.
  Each member of the union type '(<TFrom extends SQLiteTable | Subquery | SQLiteViewBase | SQL>(source: TFrom) => SQLiteSelectBase<GetSelectTableName<TFrom>, "async", D1Result<unknown>, GetSelectTableSelection<TFrom>, ... 5 more ..., BuildSubquerySelection<...>>) | (<TFrom extends PgTable | Subquery | PgViewBase | SQL>(source: TFrom) => PgSelectBas...' has signatures, but none of those signatures are compatible with each other.
src/repos/observation.ts(39,35): error TS2349: This expression is not callable.
  Each member of the union type '(<TTable extends PgTable>(table: TTable) => PgInsertBuilder<TTable, NodePgQueryResultHKT>) | (<TTable extends SQLiteTable>(into: TTable) => SQLiteInsertBuilder<...>)' has signatures, but none of those signatures are compatible with each other.
src/repos/observation.ts(45,20): error TS2349: This expression is not callable.
  Each member of the union type '(<TTable extends PgTable>(table: TTable) => PgInsertBuilder<TTable, NodePgQueryResultHKT>) | (<TTable extends SQLiteTable>(into: TTable) => SQLiteInsertBuilder<...>)' has signatures, but none of those signatures are compatible with each other.
src/repos/recordset.ts(4,63): error TS2834: Relative import paths need explicit file extensions in ECMAScript imports when '--moduleResolution' is 'node16' or 'nodenext'. Consider adding an extension to the import path.
src/repos/recordset.ts(5,25): error TS2834: Relative import paths need explicit file extensions in ECMAScript imports when '--moduleResolution' is 'node16' or 'nodenext'. Consider adding an extension to the import path.
src/repos/recordset.ts(14,8): error TS2349: This expression is not callable.
  Each member of the union type '(<TFrom extends SQLiteTable | Subquery | SQLiteViewBase | SQL>(source: TFrom) => SQLiteSelectBase<GetSelectTableName<TFrom>, "async", D1Result<unknown>, GetSelectTableSelection<TFrom>, ... 5 more ..., BuildSubquerySelection<...>>) | (<TFrom extends PgTable | Subquery | PgViewBase | SQL>(source: TFrom) => PgSelectBas...' has signatures, but none of those signatures are compatible with each other.
src/repos/recordset.ts(23,8): error TS2349: This expression is not callable.
  Each member of the union type '(<TFrom extends SQLiteTable | Subquery | SQLiteViewBase | SQL>(source: TFrom) => SQLiteSelectBase<GetSelectTableName<TFrom>, "async", D1Result<unknown>, GetSelectTableSelection<TFrom>, ... 5 more ..., BuildSubquerySelection<...>>) | (<TFrom extends PgTable | Subquery | PgViewBase | SQL>(source: TFrom) => PgSelectBas...' has signatures, but none of those signatures are compatible with each other.
src/repos/recordset.ts(30,8): error TS2349: This expression is not callable.
  Each member of the union type '(<TFrom extends SQLiteTable | Subquery | SQLiteViewBase | SQL>(source: TFrom) => SQLiteSelectBase<GetSelectTableName<TFrom>, "async", D1Result<unknown>, GetSelectTableSelection<TFrom>, ... 5 more ..., BuildSubquerySelection<...>>) | (<TFrom extends PgTable | Subquery | PgViewBase | SQL>(source: TFrom) => PgSelectBas...' has signatures, but none of those signatures are compatible with each other.
src/repos/recordset.ts(42,35): error TS2349: This expression is not callable.
  Each member of the union type '(<TTable extends PgTable>(table: TTable) => PgInsertBuilder<TTable, NodePgQueryResultHKT>) | (<TTable extends SQLiteTable>(into: TTable) => SQLiteInsertBuilder<...>)' has signatures, but none of those signatures are compatible with each other.
src/repos/recordset.ts(48,20): error TS2349: This expression is not callable.
  Each member of the union type '(<TTable extends PgTable>(table: TTable) => PgInsertBuilder<TTable, NodePgQueryResultHKT>) | (<TTable extends SQLiteTable>(into: TTable) => SQLiteInsertBuilder<...>)' has signatures, but none of those signatures are compatible with each other.
src/repos/recordset.ts(52,35): error TS2349: This expression is not callable.
  Each member of the union type '(<TTable extends PgTable>(table: TTable) => PgUpdateBuilder<TTable, NodePgQueryResultHKT>) | (<TTable extends SQLiteTable>(table: TTable) => SQLiteUpdateBuilder<...>)' has signatures, but none of those signatures are compatible with each other.
src/repos/remediation.ts(13,8): error TS2835: Relative import paths need explicit file extensions in ECMAScript imports when '--moduleResolution' is 'node16' or 'nodenext'. Did you mean '../schema/remediation.js'?
src/repos/remediation.ts(82,7): error TS2741: Property 'limit' is missing in type 'Omit<PgSelectBase<any, any, "single", any, false, "where" | "orderBy" | "limit", { [x: string]: any; }[], any>, "where" | "orderBy" | "limit">' but required in type 'Omit<PgSelectBase<any, any, "single", any, false, "where" | "orderBy", { [x: string]: any; }[], any>, "where" | "orderBy">'.
src/repos/remediation.ts(165,7): error TS2741: Property 'where' is missing in type 'Omit<PgSelectBase<any, any, "single", any, false, "where" | "orderBy", { [x: string]: any; }[], any>, "where" | "orderBy">' but required in type 'Omit<PgSelectBase<any, any, "single", any, false, "orderBy", { [x: string]: any; }[], any>, "orderBy">'.
src/repos/remediation.ts(169,7): error TS2741: Property 'limit' is missing in type 'Omit<PgSelectBase<any, any, "single", any, false, "orderBy" | "limit", { [x: string]: any; }[], any>, "orderBy" | "limit">' but required in type 'Omit<PgSelectBase<any, any, "single", any, false, "orderBy", { [x: string]: any; }[], any>, "orderBy">'.
src/repos/remediation.ts(173,7): error TS2741: Property 'offset' is missing in type 'Omit<PgSelectBase<any, any, "single", any, false, "orderBy" | "offset", { [x: string]: any; }[], any>, "orderBy" | "offset">' but required in type 'Omit<PgSelectBase<any, any, "single", any, false, "orderBy", { [x: string]: any; }[], any>, "orderBy">'.
src/repos/snapshot.ts(8,20): error TS6133: 'and' is declared but its value is never read.
src/repos/snapshot.ts(8,25): error TS2300: Duplicate identifier 'sql'.
src/repos/snapshot.ts(11,60): error TS2834: Relative import paths need explicit file extensions in ECMAScript imports when '--moduleResolution' is 'node16' or 'nodenext'. Consider adding an extension to the import path.
src/repos/snapshot.ts(12,25): error TS2834: Relative import paths need explicit file extensions in ECMAScript imports when '--moduleResolution' is 'node16' or 'nodenext'. Consider adding an extension to the import path.
src/repos/snapshot.ts(25,8): error TS2349: This expression is not callable.
  Each member of the union type '(<TFrom extends SQLiteTable | Subquery | SQLiteViewBase | SQL>(source: TFrom) => SQLiteSelectBase<GetSelectTableName<TFrom>, "async", D1Result<unknown>, GetSelectTableSelection<TFrom>, ... 5 more ..., BuildSubquerySelection<...>>) | (<TFrom extends PgTable | Subquery | PgViewBase | SQL>(source: TFrom) => PgSelectBas...' has signatures, but none of those signatures are compatible with each other.
src/repos/snapshot.ts(37,8): error TS2349: This expression is not callable.
  Each member of the union type '(<TFrom extends SQLiteTable | Subquery | SQLiteViewBase | SQL>(source: TFrom) => SQLiteSelectBase<GetSelectTableName<TFrom>, "async", D1Result<unknown>, GetSelectTableSelection<TFrom>, ... 5 more ..., BuildSubquerySelection<...>>) | (<TFrom extends PgTable | Subquery | PgViewBase | SQL>(source: TFrom) => PgSelectBas...' has signatures, but none of those signatures are compatible with each other.
src/repos/snapshot.ts(49,8): error TS2349: This expression is not callable.
  Each member of the union type '(<TFrom extends SQLiteTable | Subquery | SQLiteViewBase | SQL>(source: TFrom) => SQLiteSelectBase<GetSelectTableName<TFrom>, "async", D1Result<unknown>, GetSelectTableSelection<TFrom>, ... 5 more ..., BuildSubquerySelection<...>>) | (<TFrom extends PgTable | Subquery | PgViewBase | SQL>(source: TFrom) => PgSelectBas...' has signatures, but none of those signatures are compatible with each other.
src/repos/snapshot.ts(65,8): error TS2349: This expression is not callable.
  Each member of the union type '(<TFrom extends SQLiteTable | Subquery | SQLiteViewBase | SQL>(source: TFrom) => SQLiteSelectBase<GetSelectTableName<TFrom>, "async", D1Result<unknown>, GetSelectTableSelection<TFrom>, ... 5 more ..., BuildSubquerySelection<...>>) | (<TFrom extends PgTable | Subquery | PgViewBase | SQL>(source: TFrom) => PgSelectBas...' has signatures, but none of those signatures are compatible with each other.
src/repos/snapshot.ts(76,8): error TS2349: This expression is not callable.
  Each member of the union type '(<TTable extends PgTable>(table: TTable) => PgInsertBuilder<TTable, NodePgQueryResultHKT>) | (<TTable extends SQLiteTable>(into: TTable) => SQLiteInsertBuilder<...>)' has signatures, but none of those signatures are compatible with each other.
src/repos/snapshot.ts(90,8): error TS2349: This expression is not callable.
  Each member of the union type '(<TTable extends PgTable>(table: TTable) => PgUpdateBuilder<TTable, NodePgQueryResultHKT>) | (<TTable extends SQLiteTable>(table: TTable) => SQLiteUpdateBuilder<...>)' has signatures, but none of those signatures are compatible with each other.
src/repos/snapshot.ts(105,8): error TS2349: This expression is not callable.
  Each member of the union type '(<TTable extends PgTable>(table: TTable) => PgUpdateBuilder<TTable, NodePgQueryResultHKT>) | (<TTable extends SQLiteTable>(table: TTable) => SQLiteUpdateBuilder<...>)' has signatures, but none of those signatures are compatible with each other.
src/repos/snapshot.ts(119,8): error TS2349: This expression is not callable.
  Each member of the union type '(<TFrom extends SQLiteTable | Subquery | SQLiteViewBase | SQL>(source: TFrom) => SQLiteSelectBase<GetSelectTableName<TFrom>, "async", D1Result<unknown>, GetSelectTableSelection<TFrom>, ... 5 more ..., BuildSubquerySelection<...>>) | (<TFrom extends PgTable | Subquery | PgViewBase | SQL>(source: TFrom) => PgSelectBas...' has signatures, but none of those signatures are compatible with each other.
src/repos/snapshot.ts(130,15): error TS2554: Expected 0 arguments, but got 1.
src/repos/snapshot.ts(131,8): error TS2349: This expression is not callable.
  Each member of the union type '(<TFrom extends SQLiteTable | Subquery | SQLiteViewBase | SQL>(source: TFrom) => SQLiteSelectBase<GetSelectTableName<TFrom>, "async", D1Result<unknown>, GetSelectTableSelection<TFrom>, ... 5 more ..., BuildSubquerySelection<...>>) | (<TFrom extends PgTable | Subquery | PgViewBase | SQL>(source: TFrom) => PgSelectBas...' has signatures, but none of those signatures are compatible with each other.
src/repos/snapshot.ts(137,10): error TS2300: Duplicate identifier 'sql'.
src/schema/index.ts(454,8): error TS2835: Relative import paths need explicit file extensions in ECMAScript imports when '--moduleResolution' is 'node16' or 'nodenext'. Did you mean './remediation.js'?
 ELIFECYCLE  Command failed with exit code 2.
