$ biome check src
The number of diagnostics exceeds the limit allowed. Use --max-diagnostics to increase it.
Diagnostics not shown: 35.
Checked 40 files in 460ms. No fixes applied.
Found 55 warnings.
src/config/env.ts:39:11 lint/suspicious/noGlobalIsNan  FIXABLE  ━━━━━━━━━━━━━━━━━━━━━━━━━━━━━━━━━━━━

  ! isNaN is unsafe. It attempts a type coercion. Use Number.isNaN instead.
  
    37 │     validate: (v) => {
    38 │       const port = parseInt(v, 10);
  > 39 │       if (isNaN(port) || port < 1 || port > 65535) {
       │           ^^^^^
    40 │         return 'Must be a valid port number (1-65535)';
    41 │       }
  
  i See the MDN documentation for more details.
  
  i Unsafe fix: Use Number.isNaN instead.
  
     37  37 │       validate: (v) => {
     38  38 │         const port = parseInt(v, 10);
     39     │ - ······if·(isNaN(port)·||·port·<·1·||·port·>·65535)·{
         39 │ + ······if·(Number.isNaN(port)·||·port·<·1·||·port·>·65535)·{
     40  40 │           return 'Must be a valid port number (1-65535)';
     41  41 │         }
  

src/delegation/collector.ts:255:9 lint/style/noNonNullAssertion  FIXABLE  ━━━━━━━━━━━━━━━━━━━━━━━━━━

  ! Forbidden non-null assertion.
  
    253 │           });
    254 │         }
  > 255 │         groupsBySignature.get(signature)!.servers.push(resp.server);
        │         ^^^^^^^^^^^^^^^^^^^^^^^^^^^^^^^^^
    256 │       }
    257 │ 
  
  i Unsafe fix: Replace with optional chain operator ?. This operator includes runtime checks, so it is safer than the compile-only non-null assertion operator
  
    253 253 │             });
    254 254 │           }
    255     │ - ········groupsBySignature.get(signature)!.servers.push(resp.server);
        255 │ + ········groupsBySignature.get(signature)?.servers.push(resp.server);
    256 256 │         }
    257 257 │   
  

src/dns/integration.test.ts:18:15 lint/correctness/noUnusedImports  FIXABLE  ━━━━━━━━━━━━━━━━━━━━━━━

  ! Several of these imports are unused.
  
    16 │ import { beforeAll, describe, expect, it } from 'vitest';
    17 │ import { DNSResolver } from './resolver.js';
  > 18 │ import type { DNSQueryResult, VantageInfo } from './types.js';
       │               ^^^^^^^^^^^^^^
    19 │ 
    20 │ // Well-known test domains with predictable behavior
  
  i Unused imports might be the result of an incomplete refactoring.
  
  i Unsafe fix: Remove the unused imports.
  
    18 │ import·type·{·DNSQueryResult,·VantageInfo·}·from·'./types.js';
       │               ----------------                                

src/dns/query-plan.test.ts:55:56 lint/suspicious/noExplicitAny ━━━━━━━━━━━━━━━━━━━━━━━━━━━━━━━━━━━━━

  ! Unexpected any. Specify a different type.
  
    53 │   beforeEach(() => {
    54 │     vi.clearAllMocks();
  > 55 │     collector = new DNSCollector(baseConfig, mockDb as any);
       │                                                        ^^^
    56 │   });
    57 │ 
  
  i any disables many type checking rules. Its use should be avoided.
  

src/dns/query-plan.test.ts:62:19 lint/suspicious/noExplicitAny ━━━━━━━━━━━━━━━━━━━━━━━━━━━━━━━━━━━━━

  ! Unexpected any. Specify a different type.
  
    60 │       const managedCollector = new DNSCollector(
    61 │         { ...baseConfig, zoneManagement: 'managed' },
  > 62 │         mockDb as any
       │                   ^^^
    63 │       );
    64 │ 
  
  i any disables many type checking rules. Its use should be avoided.
  

src/dns/query-plan.test.ts:65:50 lint/suspicious/noExplicitAny ━━━━━━━━━━━━━━━━━━━━━━━━━━━━━━━━━━━━━

  ! Unexpected any. Specify a different type.
  
    63 │       );
    64 │ 
  > 65 │       const queries = await (managedCollector as any).generateQueries();
       │                                                  ^^^
    66 │ 
    67 │       // Should have queries for apex
  
  i any disables many type checking rules. Its use should be avoided.
  

src/dns/query-plan.test.ts:68:31 lint/suspicious/noExplicitAny ━━━━━━━━━━━━━━━━━━━━━━━━━━━━━━━━━━━━━

  ! Unexpected any. Specify a different type.
  
    67 │       // Should have queries for apex
  > 68 │       expect(queries.some((q: any) => q.name === 'example.com')).toBe(true);
       │                               ^^^
    69 │ 
    70 │       // For managed zones, should primarily focus on apex
  
  i any disables many type checking rules. Its use should be avoided.
  

src/dns/query-plan.test.ts:72:46 lint/suspicious/noExplicitAny ━━━━━━━━━━━━━━━━━━━━━━━━━━━━━━━━━━━━━

  ! Unexpected any. Specify a different type.
  
    70 │       // For managed zones, should primarily focus on apex
    71 │       // (may have some subdomain queries for DKIM, etc.)
  > 72 │       const apexQueries = queries.filter((q: any) => q.name === 'example.com');
       │                                              ^^^
    73 │       expect(apexQueries.length).toBeGreaterThan(0);
    74 │     });
  
  i any disables many type checking rules. Its use should be avoided.
  

src/dns/query-plan.test.ts:79:19 lint/suspicious/noExplicitAny ━━━━━━━━━━━━━━━━━━━━━━━━━━━━━━━━━━━━━

  ! Unexpected any. Specify a different type.
  
    77 │       const managedCollector = new DNSCollector(
    78 │         { ...baseConfig, zoneManagement: 'managed', includeMailRecords: true },
  > 79 │         mockDb as any
       │                   ^^^
    80 │       );
    81 │ 
  
  i any disables many type checking rules. Its use should be avoided.
  

src/dns/query-plan.test.ts:82:50 lint/suspicious/noExplicitAny ━━━━━━━━━━━━━━━━━━━━━━━━━━━━━━━━━━━━━

  ! Unexpected any. Specify a different type.
  
    80 │       );
    81 │ 
  > 82 │       const queries = await (managedCollector as any).generateQueries();
       │                                                  ^^^
    83 │ 
    84 │       // Should include mail-related queries
  
  i any disables many type checking rules. Its use should be avoided.
  

src/dns/query-plan.test.ts:85:31 lint/suspicious/noExplicitAny ━━━━━━━━━━━━━━━━━━━━━━━━━━━━━━━━━━━━━

  ! Unexpected any. Specify a different type.
  
    84 │       // Should include mail-related queries
  > 85 │       expect(queries.some((q: any) => q.name.includes('_dmarc'))).toBe(true);
       │                               ^^^
    86 │     });
    87 │ 
  
  i any disables many type checking rules. Its use should be avoided.
  

src/dns/query-plan.test.ts:91:19 lint/suspicious/noExplicitAny ━━━━━━━━━━━━━━━━━━━━━━━━━━━━━━━━━━━━━

  ! Unexpected any. Specify a different type.
  
    89 │       const managedCollector = new DNSCollector(
    90 │         { ...baseConfig, zoneManagement: 'managed', includeMailRecords: false },
  > 91 │         mockDb as any
       │                   ^^^
    92 │       );
    93 │ 
  
  i any disables many type checking rules. Its use should be avoided.
  

src/dns/query-plan.test.ts:94:50 lint/suspicious/noExplicitAny ━━━━━━━━━━━━━━━━━━━━━━━━━━━━━━━━━━━━━

  ! Unexpected any. Specify a different type.
  
    92 │       );
    93 │ 
  > 94 │       const queries = await (managedCollector as any).generateQueries();
       │                                                  ^^^
    95 │ 
    96 │       // Should not include mail-related queries
  
  i any disables many type checking rules. Its use should be avoided.
  

src/dns/query-plan.test.ts:97:32 lint/suspicious/noExplicitAny ━━━━━━━━━━━━━━━━━━━━━━━━━━━━━━━━━━━━━

  ! Unexpected any. Specify a different type.
  
    96 │       // Should not include mail-related queries
  > 97 │       expect(queries.every((q: any) => !q.name.includes('_dmarc'))).toBe(true);
       │                                ^^^
    98 │     });
    99 │   });
  
  i any disables many type checking rules. Its use should be avoided.
  

src/dns/query-plan.test.ts:103:43 lint/suspicious/noExplicitAny ━━━━━━━━━━━━━━━━━━━━━━━━━━━━━━━━━━━━

  ! Unexpected any. Specify a different type.
  
    101 │   describe('Unmanaged Zones', () => {
    102 │     it('should generate targeted queries for key records', async () => {
  > 103 │       const queries = await (collector as any).generateQueries();
        │                                           ^^^
    104 │ 
    105 │       // Should query apex
  
  i any disables many type checking rules. Its use should be avoided.
  

src/dns/query-plan.test.ts:106:31 lint/suspicious/noExplicitAny ━━━━━━━━━━━━━━━━━━━━━━━━━━━━━━━━━━━━

  ! Unexpected any. Specify a different type.
  
    105 │       // Should query apex
  > 106 │       expect(queries.some((q: any) => q.name === 'example.com')).toBe(true);
        │                               ^^^
    107 │ 
    108 │       // Should query DMARC
  
  i any disables many type checking rules. Its use should be avoided.
  

src/dns/query-plan.test.ts:109:31 lint/suspicious/noExplicitAny ━━━━━━━━━━━━━━━━━━━━━━━━━━━━━━━━━━━━

  ! Unexpected any. Specify a different type.
  
    108 │       // Should query DMARC
  > 109 │       expect(queries.some((q: any) => q.name === '_dmarc.example.com')).toBe(true);
        │                               ^^^
    110 │ 
    111 │       // Should query MTA-STS
  
  i any disables many type checking rules. Its use should be avoided.
  

src/dns/query-plan.test.ts:112:31 lint/suspicious/noExplicitAny ━━━━━━━━━━━━━━━━━━━━━━━━━━━━━━━━━━━━

  ! Unexpected any. Specify a different type.
  
    111 │       // Should query MTA-STS
  > 112 │       expect(queries.some((q: any) => q.name === '_mta-sts.example.com')).toBe(true);
        │                               ^^^
    113 │ 
    114 │       // Should query TLS-RPT
  
  i any disables many type checking rules. Its use should be avoided.
  

src/dns/query-plan.test.ts:115:31 lint/suspicious/noExplicitAny ━━━━━━━━━━━━━━━━━━━━━━━━━━━━━━━━━━━━

  ! Unexpected any. Specify a different type.
  
    114 │       // Should query TLS-RPT
  > 115 │       expect(queries.some((q: any) => q.name === '_smtp._tls.example.com')).toBe(true);
        │                               ^^^
    116 │     });
    117 │ 
  
  i any disables many type checking rules. Its use should be avoided.
  

src/jobs/queue.ts:86:3 lint/style/noNonNullAssertion  FIXABLE  ━━━━━━━━━━━━━━━━━━━━━━━━━━━━━━━━━━━━━

  ! Forbidden non-null assertion.
  
    84 │   });
    85 │ 
  > 86 │   redisConnection!.on('error', (err: Error) => {
       │   ^^^^^^^^^^^^^^^^
    87 │     console.error('[Queue] Redis connection error:', err.message);
    88 │   });
  
  i Unsafe fix: Replace with optional chain operator ?. This operator includes runtime checks, so it is safer than the compile-only non-null assertion operator
  
     84  84 │     });
     85  85 │   
     86     │ - ··redisConnection!.on('error',·(err:·Error)·=>·{
         86 │ + ··redisConnection?.on('error',·(err:·Error)·=>·{
     87  87 │       console.error('[Queue] Redis connection error:', err.message);
     88  88 │     });
  

